2023-07-29 15:40:57,105 INFO b.c.p.T1PrimeiroProjetoSpringBatchApplication [main] Starting T1PrimeiroProjetoSpringBatchApplication using Java 11.0.17 on DESKTOP-DPLHR9H with PID 12324 (C:\Users\Allan Carlos\OneDrive\Documents\Pessoal\Estudos\2023\Udemy\SpringBatch\Projetos-Aula\primeiroprojetospringbatch-2\target\production\primeiroprojetospringbatch-2 started by Allan-Carlos in C:\Users\Allan Carlos\OneDrive\Documents\Pessoal\Estudos\2023\Udemy\SpringBatch\Projetos-Aula\primeiroprojetospringbatch-2)
2023-07-29 15:40:57,107 INFO b.c.p.T1PrimeiroProjetoSpringBatchApplication [main] No active profile set, falling back to 1 default profile: "default"
2023-07-29 15:40:57,538 INFO c.z.h.HikariDataSource [main] HikariPool-1 - Starting...
2023-07-29 15:40:57,657 INFO c.z.h.HikariDataSource [main] HikariPool-1 - Start completed.
2023-07-29 15:40:57,726 INFO o.s.b.c.r.s.JobRepositoryFactoryBean [main] No database type set, using meta data indicating: MYSQL
2023-07-29 15:40:57,831 INFO o.s.b.c.l.s.SimpleJobLauncher [main] No TaskExecutor has been set, defaulting to synchronous executor.
2023-07-29 15:40:57,886 INFO b.c.p.T1PrimeiroProjetoSpringBatchApplication [main] Started T1PrimeiroProjetoSpringBatchApplication in 1.085 seconds (JVM running for 1.674)
2023-07-29 15:40:58,069 INFO o.s.b.c.l.s.SimpleJobLauncher [main] Job: [SimpleJob: [name=imprimeOlaJob]] launched with the following parameters: [{}]
2023-07-29 15:40:58,147 INFO o.s.b.c.j.SimpleStepHandler [main] Step already complete or not restartable, so no action to execute: StepExecution: id=14, version=3, name=imprimeOlaStep, status=COMPLETED, exitStatus=COMPLETED, readCount=0, filterCount=0, writeCount=0 readSkipCount=0, writeSkipCount=0, processSkipCount=0, commitCount=1, rollbackCount=0, exitDescription=
2023-07-29 15:40:58,185 INFO o.s.b.c.l.s.SimpleJobLauncher [main] Job: [SimpleJob: [name=imprimeOlaJob]] completed with the following parameters: [{}] and the following status: [COMPLETED] in 67ms
2023-07-29 15:40:58,189 INFO c.z.h.HikariDataSource [SpringApplicationShutdownHook] HikariPool-1 - Shutdown initiated...
2023-07-29 15:40:58,197 INFO c.z.h.HikariDataSource [SpringApplicationShutdownHook] HikariPool-1 - Shutdown completed.
2023-07-29 18:11:03,234 INFO b.c.p.T1PrimeiroProjetoSpringBatchApplication [main] Starting T1PrimeiroProjetoSpringBatchApplication using Java 11.0.17 on DESKTOP-DPLHR9H with PID 19276 (C:\Users\Allan Carlos\OneDrive\Documents\Pessoal\Estudos\2023\Udemy\SpringBatch\Projetos-Aula\primeiroprojetospringbatch-2\target\production\primeiroprojetospringbatch-2 started by Allan-Carlos in C:\Users\Allan Carlos\OneDrive\Documents\Pessoal\Estudos\2023\Udemy\SpringBatch\Projetos-Aula\primeiroprojetospringbatch-2)
2023-07-29 18:11:03,236 INFO b.c.p.T1PrimeiroProjetoSpringBatchApplication [main] No active profile set, falling back to 1 default profile: "default"
2023-07-29 18:11:03,743 INFO c.z.h.HikariDataSource [main] HikariPool-1 - Starting...
2023-07-29 18:11:03,885 INFO c.z.h.HikariDataSource [main] HikariPool-1 - Start completed.
2023-07-29 18:11:03,992 INFO o.s.b.c.r.s.JobRepositoryFactoryBean [main] No database type set, using meta data indicating: MYSQL
2023-07-29 18:11:04,116 INFO o.s.b.c.l.s.SimpleJobLauncher [main] No TaskExecutor has been set, defaulting to synchronous executor.
2023-07-29 18:11:04,171 INFO b.c.p.T1PrimeiroProjetoSpringBatchApplication [main] Started T1PrimeiroProjetoSpringBatchApplication in 18.594 seconds (JVM running for 19.459)
2023-07-29 18:11:04,173 INFO c.z.h.HikariDataSource [SpringApplicationShutdownHook] HikariPool-1 - Shutdown initiated...
2023-07-29 18:11:04,185 INFO c.z.h.HikariDataSource [SpringApplicationShutdownHook] HikariPool-1 - Shutdown completed.
2023-07-29 18:11:08,671 INFO b.c.p.T1PrimeiroProjetoSpringBatchApplication [main] Starting T1PrimeiroProjetoSpringBatchApplication using Java 11.0.17 on DESKTOP-DPLHR9H with PID 19812 (C:\Users\Allan Carlos\OneDrive\Documents\Pessoal\Estudos\2023\Udemy\SpringBatch\Projetos-Aula\primeiroprojetospringbatch-2\target\production\primeiroprojetospringbatch-2 started by Allan-Carlos in C:\Users\Allan Carlos\OneDrive\Documents\Pessoal\Estudos\2023\Udemy\SpringBatch\Projetos-Aula\primeiroprojetospringbatch-2)
2023-07-29 18:11:08,674 INFO b.c.p.T1PrimeiroProjetoSpringBatchApplication [main] No active profile set, falling back to 1 default profile: "default"
2023-07-29 18:11:09,108 INFO c.z.h.HikariDataSource [main] HikariPool-1 - Starting...
2023-07-29 18:11:09,232 INFO c.z.h.HikariDataSource [main] HikariPool-1 - Start completed.
2023-07-29 18:11:09,307 INFO o.s.b.c.r.s.JobRepositoryFactoryBean [main] No database type set, using meta data indicating: MYSQL
2023-07-29 18:11:09,406 INFO o.s.b.c.l.s.SimpleJobLauncher [main] No TaskExecutor has been set, defaulting to synchronous executor.
2023-07-29 18:11:09,458 INFO b.c.p.T1PrimeiroProjetoSpringBatchApplication [main] Started T1PrimeiroProjetoSpringBatchApplication in 1.077 seconds (JVM running for 1.566)
2023-07-29 18:11:09,613 INFO o.s.b.c.l.s.SimpleJobLauncher [main] Job: [SimpleJob: [name=imprimeOlaJob]] launched with the following parameters: [{}]
2023-07-29 18:11:09,667 INFO o.s.b.c.j.SimpleStepHandler [main] Step already complete or not restartable, so no action to execute: StepExecution: id=14, version=3, name=imprimeOlaStep, status=COMPLETED, exitStatus=COMPLETED, readCount=0, filterCount=0, writeCount=0 readSkipCount=0, writeSkipCount=0, processSkipCount=0, commitCount=1, rollbackCount=0, exitDescription=
2023-07-29 18:11:09,706 INFO o.s.b.c.l.s.SimpleJobLauncher [main] Job: [SimpleJob: [name=imprimeOlaJob]] completed with the following parameters: [{}] and the following status: [COMPLETED] in 40ms
2023-07-29 18:11:09,709 INFO c.z.h.HikariDataSource [SpringApplicationShutdownHook] HikariPool-1 - Shutdown initiated...
2023-07-29 18:11:09,717 INFO c.z.h.HikariDataSource [SpringApplicationShutdownHook] HikariPool-1 - Shutdown completed.
